<?xml version="1.0" encoding="UTF-8"?>
<testng-results skipped="0" failed="0" ignored="0" total="1" passed="1">
  <reporter-output>
  </reporter-output>
  <suite name="Default suite" duration-ms="429" started-at="2019-01-31T13:08:00Z" finished-at="2019-01-31T13:08:01Z">
    <groups>
    </groups>
    <test name="Default test" duration-ms="429" started-at="2019-01-31T13:08:00Z" finished-at="2019-01-31T13:08:01Z">
      <class name="DataDriver">
        <test-method status="PASS" signature="integrationTest(java.util.Map)[pri:0, instance:DataDriver@15b5592]" name="integrationTest" duration-ms="6" started-at="2019-01-31T13:08:01Z" data-provider="data" finished-at="2019-01-31T13:08:01Z">
          <params>
            <param index="0">
              <value>
                <![CDATA[{Uname=admin, DOB=23-1-1029, Password=AJAY}]]>
              </value>
            </param>
          </params>
          <reporter-output>
          </reporter-output>
        </test-method> <!-- integrationTest -->
      </class> <!-- DataDriver -->
    </test> <!-- Default test -->
  </suite> <!-- Default suite -->
</testng-results>
